\BOOKMARK [0][-]{chapter.1}{\376\377\0001\000\040\000I\000n\000t\000r\000o\000d\000u\000c\000t\000i\000o\000n}{}% 1
\BOOKMARK [1][-]{section.1.1}{\376\377\0001\000.\0001\000\040\000T\000h\000e\000s\000i\000s\000\040\000O\000v\000e\000r\000v\000i\000e\000w}{chapter.1}% 2
\BOOKMARK [1][-]{section.1.2}{\376\377\0001\000.\0002\000\040\000P\000r\000o\000p\000o\000s\000e\000d\000\040\000T\000i\000m\000e\000l\000i\000n\000e}{chapter.1}% 3
\BOOKMARK [0][-]{chapter.2}{\376\377\0002\000\040\000L\000i\000t\000e\000r\000a\000t\000u\000r\000e\000\040\000R\000e\000v\000i\000e\000w}{}% 4
\BOOKMARK [1][-]{section.2.1}{\376\377\0002\000.\0001\000\040\000C\000o\000d\000i\000n\000g\000\040\000A\000g\000e\000n\000t\000\040\000O\000v\000e\000r\000v\000i\000e\000w}{chapter.2}% 5
\BOOKMARK [2][-]{subsection.2.1.1}{\376\377\0002\000.\0001\000.\0001\000\040\000B\000e\000n\000c\000h\000m\000a\000r\000k\000s\000\040\000f\000o\000r\000\040\000C\000o\000d\000i\000n\000g\000\040\000A\000g\000e\000n\000t\000s}{section.2.1}% 6
\BOOKMARK [2][-]{subsection.2.1.2}{\376\377\0002\000.\0001\000.\0002\000\040\000C\000o\000d\000i\000n\000g\000\040\000A\000g\000e\000n\000t\000\040\000I\000n\000f\000r\000a\000s\000t\000r\000u\000c\000t\000u\000r\000e}{section.2.1}% 7
\BOOKMARK [2][-]{subsection.2.1.3}{\376\377\0002\000.\0001\000.\0003\000\040\000T\000r\000a\000i\000n\000i\000n\000g\000\040\000P\000a\000r\000a\000d\000i\000g\000m\000s\000\040\000f\000o\000r\000\040\000C\000o\000d\000i\000n\000g\000\040\000A\000g\000e\000n\000t}{section.2.1}% 8
\BOOKMARK [1][-]{section.2.2}{\376\377\0002\000.\0002\000\040\000S\000c\000a\000l\000a\000b\000l\000e\000\040\000C\000o\000d\000i\000n\000g\000\040\000A\000g\000e\000n\000t\000\040\000P\000o\000s\000t\000-\000T\000r\000a\000i\000n\000i\000n\000g}{chapter.2}% 9
\BOOKMARK [1][-]{section.2.3}{\376\377\0002\000.\0003\000\040\000C\000o\000d\000i\000n\000g\000\040\000A\000g\000e\000n\000t\000\040\000P\000r\000e\000-\000T\000r\000a\000i\000n\000i\000n\000g}{chapter.2}% 10
\BOOKMARK [1][-]{section.2.4}{\376\377\0002\000.\0004\000\040\000I\000m\000p\000r\000o\000v\000i\000n\000g\000\040\000t\000h\000e\000\040\000H\000i\000g\000h\000-\000l\000e\000v\000e\000l\000\040\000P\000l\000a\000n\000n\000i\000n\000g\000\040\000A\000b\000i\000l\000i\000t\000y\000\040\000o\000f\000\040\000C\000o\000d\000i\000n\000g\000\040\000A\000g\000e\000n\000t\000s}{chapter.2}% 11
\BOOKMARK [-1][-]{part.1}{\376\377\000I\000\040\000C\000o\000d\000i\000n\000g\000\040\000A\000g\000e\000n\000t\000\040\000T\000r\000a\000i\000n\000i\000n\000g\000\040\000w\000i\000t\000h\000\040\000S\000c\000a\000l\000a\000b\000l\000e\000\040\000S\000y\000n\000t\000h\000e\000t\000i\000c\000\040\000D\000a\000t\000a}{}% 12
\BOOKMARK [0][-]{chapter.3}{\376\377\0003\000\040\000C\000o\000n\000s\000t\000r\000u\000c\000t\000i\000n\000g\000\040\000S\000c\000a\000l\000a\000b\000l\000e\000\040\000C\000o\000d\000e\000\040\000T\000r\000a\000n\000s\000l\000a\000t\000i\000o\000n\000\040\000T\000r\000a\000i\000n\000i\000n\000g\000\040\000D\000a\000t\000a\000\040\000w\000i\000t\000h\000\040\000C\000o\000m\000p\000a\000r\000a\000b\000l\000e\000\040\000C\000o\000r\000p\000o\000r\000a\000\040\000a\000n\000d\000\040\000M\000u\000l\000t\000i\000p\000l\000e\000\040\000R\000e\000f\000e\000r\000e\000n\000c\000e\000s\000\040\000\050\000c\000o\000m\000p\000l\000e\000t\000e\000d\000\051}{part.1}% 13
\BOOKMARK [1][-]{section.3.1}{\376\377\0003\000.\0001\000\040\000I\000n\000t\000r\000o\000d\000u\000c\000t\000i\000o\000n}{chapter.3}% 14
\BOOKMARK [1][-]{section.3.2}{\376\377\0003\000.\0002\000\040\000M\000e\000t\000h\000o\000d\000o\000l\000o\000g\000y}{chapter.3}% 15
\BOOKMARK [2][-]{subsection.3.2.1}{\376\377\0003\000.\0002\000.\0001\000\040\000P\000r\000o\000b\000l\000e\000m\000\040\000F\000o\000r\000m\000u\000l\000a\000t\000i\000o\000n}{section.3.2}% 16
\BOOKMARK [2][-]{subsection.3.2.2}{\376\377\0003\000.\0002\000.\0002\000\040\000T\000r\000a\000i\000n\000i\000n\000g\000\040\000o\000n\000\040\000C\000o\000m\000p\000a\000r\000a\000b\000l\000e\000\040\000C\000o\000r\000p\000o\000r\000a}{section.3.2}% 17
\BOOKMARK [2][-]{subsection.3.2.3}{\376\377\0003\000.\0002\000.\0003\000\040\000F\000i\000n\000e\000t\000u\000n\000i\000n\000g\000\040\000w\000i\000t\000h\000\040\000M\000u\000l\000t\000i\000p\000l\000e\000\040\000R\000e\000f\000e\000r\000e\000n\000c\000e\000s}{section.3.2}% 18
\BOOKMARK [1][-]{section.3.3}{\376\377\0003\000.\0003\000\040\000R\000e\000s\000u\000l\000t\000s}{chapter.3}% 19
\BOOKMARK [2][-]{subsection.3.3.1}{\376\377\0003\000.\0003\000.\0001\000\040\000E\000x\000p\000e\000r\000i\000m\000e\000n\000t\000a\000l\000\040\000S\000e\000t\000u\000p}{section.3.3}% 20
\BOOKMARK [2][-]{subsection.3.3.2}{\376\377\0003\000.\0003\000.\0002\000\040\000M\000a\000i\000n\000\040\000r\000e\000s\000u\000l\000t\000s}{section.3.3}% 21
\BOOKMARK [2][-]{subsection.3.3.3}{\376\377\0003\000.\0003\000.\0003\000\040\000P\000e\000r\000f\000o\000r\000m\000a\000n\000c\000e\000\040\000A\000n\000a\000l\000y\000s\000i\000s}{section.3.3}% 22
\BOOKMARK [2][-]{subsection.3.3.4}{\376\377\0003\000.\0003\000.\0004\000\040\000I\000n\000f\000l\000u\000e\000n\000c\000e\000\040\000o\000f\000\040\000C\000o\000m\000p\000a\000r\000a\000b\000l\000e\000\040\000C\000o\000r\000p\000o\000r\000a}{section.3.3}% 23
\BOOKMARK [2][-]{subsection.3.3.5}{\376\377\0003\000.\0003\000.\0005\000\040\000I\000n\000f\000l\000u\000e\000n\000c\000e\000\040\000o\000f\000\040\000M\000u\000l\000t\000i\000p\000l\000e\000\040\000R\000e\000f\000e\000r\000e\000n\000c\000e\000s}{section.3.3}% 24
\BOOKMARK [2][-]{subsection.3.3.6}{\376\377\0003\000.\0003\000.\0006\000\040\000H\000y\000p\000e\000r\000-\000p\000a\000r\000a\000m\000e\000t\000e\000r\000\040\000a\000n\000a\000l\000y\000s\000i\000s}{section.3.3}% 25
\BOOKMARK [2][-]{subsection.3.3.7}{\376\377\0003\000.\0003\000.\0007\000\040\000C\000a\000s\000e\000\040\000S\000t\000u\000d\000i\000e\000s}{section.3.3}% 26
\BOOKMARK [1][-]{section.3.4}{\376\377\0003\000.\0004\000\040\000C\000h\000a\000p\000t\000e\000r\000\040\000S\000u\000m\000m\000a\000r\000y}{chapter.3}% 27
\BOOKMARK [0][-]{chapter.4}{\376\377\0004\000\040\000C\000o\000n\000s\000t\000r\000u\000c\000t\000i\000n\000g\000\040\000S\000c\000a\000l\000a\000b\000l\000e\000\040\000C\000o\000d\000i\000n\000g\000\040\000A\000g\000e\000n\000t\000\040\000T\000r\000a\000i\000n\000i\000n\000g\000\040\000E\000n\000v\000i\000r\000o\000n\000m\000e\000n\000t\000s\000\040\000w\000i\000t\000h\000\040\000S\000a\000n\000d\000b\000o\000x\000\040\000T\000e\000s\000t\000i\000n\000g\000\040\000\050\000c\000o\000m\000p\000l\000e\000t\000e\000d\000\051}{part.1}% 28
\BOOKMARK [1][-]{section.4.1}{\376\377\0004\000.\0001\000\040\000I\000n\000t\000r\000o\000d\000u\000c\000t\000i\000o\000n}{chapter.4}% 29
\BOOKMARK [1][-]{section.4.2}{\376\377\0004\000.\0002\000\040\000M\000e\000t\000h\000o\000d\000o\000l\000o\000g\000y}{chapter.4}% 30
\BOOKMARK [2][-]{subsection.4.2.1}{\376\377\0004\000.\0002\000.\0001\000\040\000R\000e\000p\000o\000s\000i\000t\000o\000r\000y\000\040\000a\000n\000d\000\040\000F\000u\000n\000c\000t\000i\000o\000n\000\040\000C\000u\000r\000a\000t\000i\000o\000n}{section.4.2}% 31
\BOOKMARK [2][-]{subsection.4.2.2}{\376\377\0004\000.\0002\000.\0002\000\040\000S\000a\000n\000d\000b\000o\000x\000i\000n\000g\000:\000\040\000K\000e\000y\000\040\000t\000o\000\040\000E\000n\000v\000i\000r\000o\000n\000m\000e\000n\000t\000\040\000S\000e\000t\000u\000p}{section.4.2}% 32
\BOOKMARK [2][-]{subsection.4.2.3}{\376\377\0004\000.\0002\000.\0003\000\040\000T\000e\000s\000t\000\040\000G\000e\000n\000e\000r\000a\000t\000i\000o\000n}{section.4.2}% 33
\BOOKMARK [2][-]{subsection.4.2.4}{\376\377\0004\000.\0002\000.\0004\000\040\000Q\000u\000a\000l\000i\000t\000y\000\040\000C\000o\000n\000t\000r\000o\000l\000\040\000a\000n\000d\000\040\000F\000i\000l\000t\000e\000r\000i\000n\000g}{section.4.2}% 34
\BOOKMARK [1][-]{section.4.3}{\376\377\0004\000.\0003\000\040\000R\000e\000s\000u\000l\000t\000i\000n\000g\000\040\000D\000a\000t\000a\000s\000e\000t\000s\000:\000\040\000R\000e\000p\000o\000S\000T\000-\000T\000r\000a\000i\000n\000\040\000a\000n\000d\000\040\000R\000e\000p\000o\000S\000T\000-\000E\000v\000a\000l}{chapter.4}% 35
\BOOKMARK [2][-]{subsection.4.3.1}{\376\377\0004\000.\0003\000.\0001\000\040\000Q\000u\000a\000l\000i\000t\000y\000\040\000V\000e\000r\000i\000f\000i\000c\000a\000t\000i\000o\000n\000\040\000w\000i\000t\000h\000\040\000H\000u\000m\000a\000n\000\040\000S\000t\000u\000d\000y}{section.4.3}% 36
\BOOKMARK [1][-]{section.4.4}{\376\377\0004\000.\0004\000\040\000C\000o\000d\000e\000\040\000G\000e\000n\000e\000r\000a\000t\000i\000o\000n\000\040\000T\000r\000a\000i\000n\000i\000n\000g\000\040\000E\000x\000p\000e\000r\000i\000m\000e\000n\000t\000s}{chapter.4}% 37
\BOOKMARK [2][-]{subsection.4.4.1}{\376\377\0004\000.\0004\000.\0001\000\040\000E\000x\000p\000e\000r\000i\000m\000e\000n\000t\000a\000l\000\040\000S\000e\000t\000u\000p}{section.4.4}% 38
\BOOKMARK [2][-]{subsection.4.4.2}{\376\377\0004\000.\0004\000.\0002\000\040\000E\000x\000p\000e\000r\000i\000m\000e\000n\000t\000a\000l\000\040\000R\000e\000s\000u\000l\000t\000s}{section.4.4}% 39
\BOOKMARK [1][-]{section.4.5}{\376\377\0004\000.\0005\000\040\000C\000o\000d\000i\000n\000g\000\040\000A\000g\000e\000n\000t\000\040\000T\000r\000a\000i\000n\000i\000n\000g\000\040\000E\000x\000p\000e\000r\000i\000m\000e\000n\000t\000s}{chapter.4}% 40
\BOOKMARK [2][-]{subsection.4.5.1}{\376\377\0004\000.\0005\000.\0001\000\040\000E\000x\000p\000e\000r\000i\000m\000e\000n\000t\000a\000l\000\040\000S\000e\000t\000u\000p}{section.4.5}% 41
\BOOKMARK [2][-]{subsection.4.5.2}{\376\377\0004\000.\0005\000.\0002\000\040\000E\000x\000p\000e\000r\000i\000m\000e\000n\000t\000a\000l\000\040\000R\000e\000s\000u\000l\000t\000s}{section.4.5}% 42
\BOOKMARK [1][-]{section.4.6}{\376\377\0004\000.\0006\000\040\000C\000h\000a\000p\000t\000e\000r\000\040\000S\000u\000m\000m\000a\000r\000y}{chapter.4}% 43
\BOOKMARK [-1][-]{part.2}{\376\377\000I\000I\000\040\000T\000r\000a\000i\000n\000i\000n\000g\000\040\000C\000o\000d\000i\000n\000g\000\040\000A\000g\000e\000n\000t\000s\000\040\000t\000h\000a\000t\000\040\000G\000e\000n\000e\000r\000a\000l\000i\000z\000e\000\040\000a\000c\000r\000o\000s\000s\000\040\000T\000a\000s\000k\000s}{}% 44
\BOOKMARK [0][-]{chapter.5}{\376\377\0005\000\040\000T\000r\000a\000i\000n\000i\000n\000g\000\040\000G\000e\000n\000e\000r\000a\000l\000-\000P\000u\000r\000p\000o\000s\000e\000\040\000C\000o\000d\000i\000n\000g\000\040\000A\000g\000e\000n\000t\000s\000\040\000w\000i\000t\000h\000\040\000S\000c\000a\000l\000a\000b\000l\000e\000\040\000T\000a\000s\000k\000s\000\040\000\050\000c\000o\000m\000p\000l\000e\000t\000e\000d\000\051}{part.2}% 45
\BOOKMARK [1][-]{section.5.1}{\376\377\0005\000.\0001\000\040\000I\000n\000t\000r\000o\000d\000u\000c\000t\000i\000o\000n}{chapter.5}% 46
\BOOKMARK [1][-]{section.5.2}{\376\377\0005\000.\0002\000\040\000M\000e\000t\000h\000o\000d\000o\000l\000o\000g\000y}{chapter.5}% 47
\BOOKMARK [2][-]{subsection.5.2.1}{\376\377\0005\000.\0002\000.\0001\000\040\000A\000n\000a\000l\000y\000s\000i\000s\000\040\000o\000f\000\040\000C\000o\000d\000i\000n\000g\000\040\000A\000g\000e\000n\000t\000\040\000T\000a\000s\000k\000\040\000T\000r\000a\000n\000s\000f\000e\000r\000a\000b\000i\000l\000i\000t\000y}{section.5.2}% 48
\BOOKMARK [2][-]{subsection.5.2.2}{\376\377\0005\000.\0002\000.\0002\000\040\000P\000r\000i\000n\000c\000i\000p\000l\000e\000s\000\040\000f\000o\000r\000\040\000T\000r\000a\000i\000n\000i\000n\000g\000\040\000T\000a\000s\000k\000\040\000D\000e\000s\000i\000g\000n}{section.5.2}% 49
\BOOKMARK [2][-]{subsection.5.2.3}{\376\377\0005\000.\0002\000.\0003\000\040\000H\000y\000b\000r\000i\000d\000-\000G\000y\000m\000\040\000T\000a\000s\000k\000s}{section.5.2}% 50
\BOOKMARK [2][-]{subsection.5.2.4}{\376\377\0005\000.\0002\000.\0004\000\040\000V\000e\000r\000i\000f\000i\000c\000a\000t\000i\000o\000n\000\040\000o\000f\000\040\000H\000y\000b\000r\000i\000d\000-\000G\000y\000m\000\040\000T\000a\000s\000k\000s}{section.5.2}% 51
\BOOKMARK [1][-]{section.5.3}{\376\377\0005\000.\0003\000\040\000R\000e\000s\000u\000l\000t\000s}{chapter.5}% 52
\BOOKMARK [2][-]{subsection.5.3.1}{\376\377\0005\000.\0003\000.\0001\000\040\000E\000x\000p\000e\000r\000i\000m\000e\000n\000t\000a\000l\000\040\000S\000e\000t\000u\000p}{section.5.3}% 53
\BOOKMARK [2][-]{subsection.5.3.2}{\376\377\0005\000.\0003\000.\0002\000\040\000M\000a\000i\000n\000\040\000R\000e\000s\000u\000l\000t\000s}{section.5.3}% 54
\BOOKMARK [2][-]{subsection.5.3.3}{\376\377\0005\000.\0003\000.\0003\000\040\000D\000e\000t\000a\000i\000l\000e\000d\000\040\000R\000e\000s\000u\000l\000t\000s}{section.5.3}% 55
\BOOKMARK [1][-]{section.5.4}{\376\377\0005\000.\0004\000\040\000A\000n\000a\000l\000y\000s\000i\000s\000\040\000o\000f\000\040\000T\000a\000s\000k\000\040\000T\000r\000a\000n\000s\000f\000e\000r\000a\000b\000i\000l\000i\000t\000y}{chapter.5}% 56
\BOOKMARK [2][-]{subsection.5.4.1}{\376\377\0005\000.\0004\000.\0001\000\040\000O\000u\000t\000p\000u\000t\000\040\000F\000o\000r\000m\000a\000t\000\040\000M\000u\000s\000t\000\040\000M\000a\000t\000c\000h\000\040\000D\000o\000w\000n\000s\000t\000r\000e\000a\000m\000\040\000T\000a\000s\000k\000s}{section.5.4}% 57
\BOOKMARK [2][-]{subsection.5.4.2}{\376\377\0005\000.\0004\000.\0002\000\040\000S\000c\000r\000i\000p\000t\000-\000l\000e\000v\000e\000l\000\040\000A\000g\000e\000n\000t\000i\000c\000\040\000T\000a\000s\000k\000s\000\040\000D\000o\000\040\000N\000O\000T\000\040\000G\000e\000n\000e\000r\000a\000l\000i\000z\000e\000\040\000t\000o\000\040\000R\000e\000p\000o\000-\000l\000e\000v\000e\000l\000\040\000T\000a\000s\000k\000s}{section.5.4}% 58
\BOOKMARK [2][-]{subsection.5.4.3}{\376\377\0005\000.\0004\000.\0003\000\040\000T\000a\000s\000k\000\040\000a\000n\000d\000\040\000T\000r\000a\000j\000e\000c\000t\000o\000r\000y\000\040\000C\000o\000m\000p\000l\000e\000x\000i\000t\000y\000\040\000M\000a\000t\000t\000e\000r\000s}{section.5.4}% 59
\BOOKMARK [2][-]{subsection.5.4.4}{\376\377\0005\000.\0004\000.\0004\000\040\000E\000v\000e\000n\000\040\000S\000u\000c\000c\000e\000s\000s\000f\000u\000l\000\040\000T\000r\000a\000j\000e\000c\000t\000o\000r\000i\000e\000s\000\040\000o\000f\000\040\000t\000h\000e\000\040\000S\000a\000m\000e\000\040\000T\000a\000s\000k\000\040\000I\000n\000s\000t\000a\000n\000c\000e\000s\000\040\000m\000a\000y\000\040\000h\000a\000v\000e\000\040\000D\000i\000f\000f\000e\000r\000e\000n\000t\000\040\000I\000m\000p\000a\000c\000t}{section.5.4}% 60
\BOOKMARK [2][-]{subsection.5.4.5}{\376\377\0005\000.\0004\000.\0005\000\040\000S\000a\000m\000p\000l\000i\000n\000g\000\040\000S\000t\000r\000a\000t\000e\000g\000i\000e\000s\000\040\000A\000f\000f\000e\000c\000t\000s\000\040\000E\000f\000f\000e\000c\000t\000i\000v\000e\000n\000e\000s\000s}{section.5.4}% 61
\BOOKMARK [1][-]{section.5.5}{\376\377\0005\000.\0005\000\040\000C\000h\000a\000p\000t\000e\000r\000\040\000S\000u\000m\000m\000a\000r\000y}{chapter.5}% 62
\BOOKMARK [0][-]{chapter.6}{\376\377\0006\000\040\000O\000n\000\040\000t\000h\000e\000\040\000A\000g\000e\000n\000t\000\040\000B\000e\000h\000a\000v\000i\000o\000r\000s\000\040\000t\000h\000a\000t\000\040\000G\000e\000n\000e\000r\000a\000l\000i\000z\000e\000\040\000a\000c\000r\000o\000s\000s\000\040\000C\000o\000d\000i\000n\000g\000\040\000T\000a\000s\000k\000s\000\040\000\050\000p\000r\000o\000p\000o\000s\000e\000d\000\051}{part.2}% 63
\BOOKMARK [1][-]{section.6.1}{\376\377\0006\000.\0001\000\040\000I\000n\000t\000r\000o\000d\000u\000c\000t\000i\000o\000n}{chapter.6}% 64
\BOOKMARK [1][-]{section.6.2}{\376\377\0006\000.\0002\000\040\000O\000v\000e\000r\000v\000i\000e\000w\000\040\000o\000f\000\040\000P\000r\000o\000p\000o\000s\000e\000d\000\040\000M\000e\000t\000h\000o\000d\000s}{chapter.6}% 65
\BOOKMARK [1][-]{section.6.3}{\376\377\0006\000.\0003\000\040\000P\000r\000o\000p\000o\000s\000e\000d\000\040\000M\000e\000t\000h\000o\000d\000\040\0001\000:\000\040\000C\000a\000n\000d\000i\000d\000a\000t\000e\000\040\000A\000g\000e\000n\000t\000\040\000B\000e\000h\000a\000v\000i\000o\000r\000\040\000D\000i\000s\000c\000o\000v\000e\000r\000y\000\040\000f\000o\000r\000\040\000D\000i\000f\000f\000e\000r\000e\000n\000t\000\040\000A\000b\000s\000t\000r\000a\000c\000t\000i\000o\000n\000\040\000L\000e\000v\000e\000l\000s}{chapter.6}% 66
\BOOKMARK [2][-]{subsection.6.3.1}{\376\377\0006\000.\0003\000.\0001\000\040\000P\000r\000o\000p\000o\000s\000e\000d\000\040\000M\000e\000t\000h\000o\000d}{section.6.3}% 67
\BOOKMARK [2][-]{subsection.6.3.2}{\376\377\0006\000.\0003\000.\0002\000\040\000P\000r\000o\000p\000o\000s\000e\000d\000\040\000E\000x\000p\000e\000r\000i\000m\000e\000n\000t\000s}{section.6.3}% 68
\BOOKMARK [1][-]{section.6.4}{\376\377\0006\000.\0004\000\040\000P\000r\000o\000p\000o\000s\000e\000d\000\040\000M\000e\000t\000h\000o\000d\000\040\0002\000:\000\040\000C\000o\000n\000t\000r\000o\000l\000l\000e\000d\000\040\000E\000x\000p\000e\000r\000i\000m\000e\000n\000t\000s\000\040\000b\000a\000s\000e\000d\000\040\000o\000n\000\040\000T\000r\000a\000j\000e\000c\000t\000o\000r\000y\000\040\000E\000d\000i\000t\000i\000n\000g}{chapter.6}% 69
\BOOKMARK [2][-]{subsection.6.4.1}{\376\377\0006\000.\0004\000.\0001\000\040\000P\000r\000o\000p\000o\000s\000e\000d\000\040\000M\000e\000t\000h\000o\000d}{section.6.4}% 70
\BOOKMARK [2][-]{subsection.6.4.2}{\376\377\0006\000.\0004\000.\0002\000\040\000P\000r\000o\000p\000o\000s\000e\000d\000\040\000E\000x\000p\000e\000r\000i\000m\000e\000n\000t\000s}{section.6.4}% 71
\BOOKMARK [1][-]{section.6.5}{\376\377\0006\000.\0005\000\040\000P\000r\000o\000p\000o\000s\000e\000d\000\040\000M\000e\000t\000h\000o\000d\000\040\0003\000:\000\040\000E\000x\000t\000e\000n\000d\000\040\000t\000o\000\040\000M\000u\000l\000t\000i\000p\000l\000e\000\040\000M\000o\000d\000e\000l\000s\000\040\000a\000n\000d\000\040\000T\000a\000s\000k\000s}{chapter.6}% 72
\BOOKMARK [2][-]{subsection.6.5.1}{\376\377\0006\000.\0005\000.\0001\000\040\000P\000r\000o\000p\000o\000s\000e\000d\000\040\000M\000e\000t\000h\000o\000d}{section.6.5}% 73
\BOOKMARK [2][-]{subsection.6.5.2}{\376\377\0006\000.\0005\000.\0002\000\040\000P\000r\000o\000p\000o\000s\000e\000d\000\040\000E\000x\000p\000e\000r\000i\000m\000e\000n\000t\000s}{section.6.5}% 74
\BOOKMARK [-1][-]{part.3}{\376\377\000I\000I\000I\000\040\000T\000r\000a\000i\000n\000i\000n\000g\000\040\000C\000r\000i\000t\000i\000q\000u\000e\000\040\000M\000o\000d\000e\000l\000s\000\040\000t\000o\000\040\000A\000s\000s\000i\000s\000t\000\040\000C\000o\000d\000i\000n\000g\000\040\000A\000g\000e\000n\000t\000s}{}% 75
\BOOKMARK [0][-]{chapter.7}{\376\377\0007\000\040\000I\000m\000p\000r\000o\000v\000i\000n\000g\000\040\000G\000e\000n\000e\000r\000a\000t\000o\000r\000\040\000F\000a\000c\000t\000u\000a\000l\000i\000t\000y\000\040\000b\000y\000\040\000T\000r\000a\000i\000n\000i\000n\000g\000\040\000a\000n\000\040\000E\000v\000a\000l\000u\000a\000t\000o\000r\000\040\000M\000o\000d\000e\000l\000\040\000\050\000c\000o\000m\000p\000l\000e\000t\000e\000d\000\051}{part.3}% 76
\BOOKMARK [1][-]{section.7.1}{\376\377\0007\000.\0001\000\040\000I\000n\000t\000r\000o\000d\000u\000c\000t\000i\000o\000n}{chapter.7}% 77
\BOOKMARK [1][-]{section.7.2}{\376\377\0007\000.\0002\000\040\000M\000e\000t\000h\000o\000d\000o\000l\000o\000g\000y}{chapter.7}% 78
\BOOKMARK [2][-]{subsection.7.2.1}{\376\377\0007\000.\0002\000.\0001\000\040\000F\000e\000n\000C\000E\000:\000\040\000F\000a\000c\000t\000u\000a\000l\000i\000t\000y\000\040\000E\000v\000a\000l\000u\000a\000t\000o\000r\000\040\000T\000r\000a\000i\000n\000i\000n\000g}{section.7.2}% 79
\BOOKMARK [2][-]{subsection.7.2.2}{\376\377\0007\000.\0002\000.\0002\000\040\000I\000m\000p\000r\000o\000v\000i\000n\000g\000\040\000G\000e\000n\000e\000r\000a\000t\000o\000r\000\040\000F\000a\000c\000t\000u\000a\000l\000i\000t\000y\000\040\000w\000i\000t\000h\000\040\000F\000e\000n\000C\000E}{section.7.2}% 80
\BOOKMARK [1][-]{section.7.3}{\376\377\0007\000.\0003\000\040\000E\000x\000p\000e\000r\000i\000m\000e\000n\000t\000s\000\040\000o\000n\000\040\000E\000v\000a\000l\000u\000a\000t\000o\000r\000\040\000T\000r\000a\000i\000n\000i\000n\000g}{chapter.7}% 81
\BOOKMARK [2][-]{subsection.7.3.1}{\376\377\0007\000.\0003\000.\0001\000\040\000E\000x\000p\000e\000r\000i\000m\000e\000n\000t\000a\000l\000\040\000S\000e\000t\000u\000p}{section.7.3}% 82
\BOOKMARK [2][-]{subsection.7.3.2}{\376\377\0007\000.\0003\000.\0002\000\040\000M\000a\000i\000n\000\040\000R\000e\000s\000u\000l\000t\000s}{section.7.3}% 83
\BOOKMARK [2][-]{subsection.7.3.3}{\376\377\0007\000.\0003\000.\0003\000\040\000R\000e\000s\000u\000l\000t\000\040\000A\000n\000a\000l\000y\000s\000e\000s}{section.7.3}% 84
\BOOKMARK [1][-]{section.7.4}{\376\377\0007\000.\0004\000\040\000E\000x\000p\000e\000r\000i\000m\000e\000n\000t\000s\000\040\000o\000n\000\040\000G\000e\000n\000e\000r\000a\000t\000o\000r\000\040\000F\000a\000c\000t\000u\000a\000l\000i\000t\000y}{chapter.7}% 85
\BOOKMARK [2][-]{subsection.7.4.1}{\376\377\0007\000.\0004\000.\0001\000\040\000E\000x\000p\000e\000r\000i\000m\000e\000n\000t\000a\000l\000\040\000S\000e\000t\000u\000p}{section.7.4}% 86
\BOOKMARK [2][-]{subsection.7.4.2}{\376\377\0007\000.\0004\000.\0002\000\040\000M\000a\000i\000n\000\040\000R\000e\000s\000u\000l\000t\000s}{section.7.4}% 87
\BOOKMARK [2][-]{subsection.7.4.3}{\376\377\0007\000.\0004\000.\0003\000\040\000R\000e\000s\000u\000l\000t\000\040\000A\000n\000a\000l\000y\000s\000e\000s}{section.7.4}% 88
\BOOKMARK [1][-]{section.7.5}{\376\377\0007\000.\0005\000\040\000C\000h\000a\000p\000t\000e\000r\000\040\000S\000u\000m\000m\000a\000r\000y}{chapter.7}% 89
\BOOKMARK [0][-]{chapter.8}{\376\377\0008\000\040\000I\000m\000p\000r\000o\000v\000i\000n\000g\000\040\000C\000o\000d\000i\000n\000g\000\040\000A\000g\000e\000n\000t\000\040\000E\000f\000f\000e\000c\000t\000i\000v\000e\000n\000e\000s\000s\000\040\000b\000y\000\040\000T\000r\000a\000i\000n\000i\000n\000g\000\040\000a\000\040\000C\000r\000i\000t\000i\000q\000u\000e\000\040\000M\000o\000d\000e\000l\000\040\000\050\000p\000r\000o\000p\000o\000s\000e\000d\000\051}{part.3}% 90
\BOOKMARK [1][-]{section.8.1}{\376\377\0008\000.\0001\000\040\000O\000v\000e\000r\000v\000i\000e\000w}{chapter.8}% 91
\BOOKMARK [1][-]{section.8.2}{\376\377\0008\000.\0002\000\040\000P\000r\000e\000l\000i\000m\000i\000n\000a\000r\000y\000\040\000E\000x\000p\000e\000r\000i\000m\000e\000n\000t\000s}{chapter.8}% 92
\BOOKMARK [2][-]{subsection.8.2.1}{\376\377\0008\000.\0002\000.\0001\000\040\000I\000n\000f\000e\000r\000e\000n\000c\000e\000-\000t\000i\000m\000e\000\040\000C\000r\000i\000t\000i\000q\000u\000e\000\040\000M\000o\000d\000e\000l\000s\000\040\000c\000a\000n\000\040\000b\000e\000\040\000E\000f\000f\000e\000c\000t\000i\000v\000e}{section.8.2}% 93
\BOOKMARK [2][-]{subsection.8.2.2}{\376\377\0008\000.\0002\000.\0002\000\040\000D\000i\000s\000t\000i\000l\000l\000e\000d\000\040\000C\000r\000i\000t\000i\000q\000u\000e\000\040\000M\000o\000d\000e\000l\000s\000\040\000a\000l\000s\000o\000\040\000B\000r\000i\000n\000g\000\040\000P\000e\000r\000f\000o\000r\000m\000a\000n\000c\000e\000\040\000G\000a\000i\000n\000s}{section.8.2}% 94
\BOOKMARK [1][-]{section.8.3}{\376\377\0008\000.\0003\000\040\000P\000r\000o\000p\000o\000s\000e\000d\000\040\000M\000e\000t\000h\000o\000d}{chapter.8}% 95
\BOOKMARK [2][-]{subsection.8.3.1}{\376\377\0008\000.\0003\000.\0001\000\040\000A\000n\000a\000l\000y\000s\000i\000s\000\040\000o\000f\000\040\000D\000i\000s\000t\000r\000a\000c\000t\000i\000n\000g\000\040\000C\000r\000i\000t\000i\000q\000u\000e\000s}{section.8.3}% 96
\BOOKMARK [2][-]{subsection.8.3.2}{\376\377\0008\000.\0003\000.\0002\000\040\000C\000o\000n\000s\000t\000r\000u\000c\000t\000i\000n\000g\000\040\000D\000P\000O\000\040\000D\000a\000t\000a\000\040\000t\000o\000\040\000D\000i\000s\000t\000i\000l\000l\000\040\000C\000r\000i\000t\000i\000q\000u\000e\000\040\000M\000o\000d\000e\000l\000s}{section.8.3}% 97
\BOOKMARK [0][-]{chapter.9}{\376\377\0009\000\040\000C\000o\000n\000c\000l\000u\000s\000i\000o\000n}{part.3}% 98
\BOOKMARK [0][-]{chapter*.61}{\376\377\000B\000i\000b\000l\000i\000o\000g\000r\000a\000p\000h\000y}{part.3}% 99
